Arguments: 
  /usr/bin/node /usr/bin/yarn init

PATH: 
  /usr/local/sbin:/usr/local/bin:/usr/bin:/opt/cuda/bin:/opt/cuda/nsight_compute:/opt/cuda/nsight_systems/bin:/home/toadtoad/.dotnet/tools:/usr/lib/jvm/default/bin:/usr/bin/site_perl:/usr/bin/vendor_perl:/usr/bin/core_perl

Yarn version: 
  1.22.11

Node version: 
  16.5.0

Platform: 
  linux x64

Trace: 
  Error: Can't answer a question unless a user TTY
      at ConsoleReporter.question (/usr/lib/node_modules/yarn/lib/cli.js:96815:59)
      at Object.<anonymous> (/usr/lib/node_modules/yarn/lib/cli.js:89088:38)
      at Generator.next (<anonymous>)
      at step (/usr/lib/node_modules/yarn/lib/cli.js:310:30)
      at /usr/lib/node_modules/yarn/lib/cli.js:321:13

npm manifest: 
  No manifest

yarn manifest: 
  No manifest

Lockfile: 
  No lockfile
